# JRE version: OpenJDK Runtime Environment Temurin-21.0.10+7 (21.0.10+7) (build 21.0.10+7-LTS)
# Java VM: OpenJDK 64-Bit Server VM Temurin-21.0.10+7 (21.0.10+7-LTS, mixed mode, sharing, tiered, compressed oops, compressed class ptrs, g1 gc, windows-amd64)
GC Precious Log:
 CardTable entry size: 512
 Card Set container configuration: InlinePtr #cards 5 size 8 Array Of Cards #cards 12 size 40 Howl #buckets 4 coarsen threshold 1843 Howl Bitmap #cards 512 size 80 coarsen threshold 460 Card regions per heap region 1 cards per card region 2048
 CPUs: 16 total, 16 available
 Memory: 14188M
 Large Page Support: Disabled
 NUMA Support: Disabled
 Compressed Oops: Enabled (32-bit)
 Heap Region Size: 1M
 Heap Min Capacity: 8M
 Heap Initial Capacity: 222M
 Heap Max Capacity: 2G
 Pre-touch: Disabled
 Parallel Workers: 13
 Concurrent Workers: 3
 Concurrent Refinement Workers: 13
 Periodic GC: Disabled
Heap:
 garbage-first heap   total 184320K, used 120234K [0x0000000080000000, 0x0000000100000000)
  region size 1024K, 16 young (16384K), 5 survivors (5120K)
 Metaspace       used 113825K, committed 116096K, reserved 557056K
  class space    used 14834K, committed 15936K, reserved 425984K
GC Heap History (20 events):
Event: 16.092 GC heap before
{Heap before GC invocations=30 (full 0):
 garbage-first heap   total 138240K, used 127310K [0x0000000080000000, 0x0000000100000000)
  region size 1024K, 50 young (51200K), 6 survivors (6144K)
 Metaspace       used 102690K, committed 104704K, reserved 557056K
  class space    used 13443K, committed 14400K, reserved 425984K
}
Event: 16.096 GC heap after
{Heap after GC invocations=31 (full 0):
 garbage-first heap   total 138240K, used 84275K [0x0000000080000000, 0x0000000100000000)
  region size 1024K, 5 young (5120K), 5 survivors (5120K)
 Metaspace       used 102690K, committed 104704K, reserved 557056K
  class space    used 13443K, committed 14400K, reserved 425984K
}
Event: 17.090 GC heap before
{Heap before GC invocations=32 (full 0):
 garbage-first heap   total 142336K, used 128307K [0x0000000080000000, 0x0000000100000000)
  region size 1024K, 48 young (49152K), 5 survivors (5120K)
 Metaspace       used 107703K, committed 109888K, reserved 557056K
  class space    used 14142K, committed 15168K, reserved 425984K
}
Event: 17.094 GC heap after
{Heap after GC invocations=33 (full 0):
 garbage-first heap   total 142336K, used 86339K [0x0000000080000000, 0x0000000100000000)
  region size 1024K, 4 young (4096K), 4 survivors (4096K)
 Metaspace       used 107703K, committed 109888K, reserved 557056K
  class space    used 14142K, committed 15168K, reserved 425984K
}
Event: 18.289 GC heap before
{Heap before GC invocations=33 (full 0):
 garbage-first heap   total 142336K, used 131395K [0x0000000080000000, 0x0000000100000000)
  region size 1024K, 49 young (50176K), 4 survivors (4096K)
 Metaspace       used 111400K, committed 113664K, reserved 557056K
  class space    used 14731K, committed 15872K, reserved 425984K
}
Event: 18.294 GC heap after
{Heap after GC invocations=34 (full 0):
 garbage-first heap   total 142336K, used 88502K [0x0000000080000000, 0x0000000100000000)
  region size 1024K, 5 young (5120K), 5 survivors (5120K)
 Metaspace       used 111400K, committed 113664K, reserved 557056K
  class space    used 14731K, committed 15872K, reserved 425984K
}
Event: 18.410 GC heap before
{Heap before GC invocations=34 (full 0):
 garbage-first heap   total 142336K, used 99766K [0x0000000080000000, 0x0000000100000000)
  region size 1024K, 17 young (17408K), 5 survivors (5120K)
 Metaspace       used 111489K, committed 113792K, reserved 557056K
  class space    used 14732K, committed 15872K, reserved 425984K
}
Event: 18.414 GC heap after
{Heap after GC invocations=35 (full 0):
 garbage-first heap   total 142336K, used 91314K [0x0000000080000000, 0x0000000100000000)
  region size 1024K, 6 young (6144K), 6 survivors (6144K)
 Metaspace       used 111489K, committed 113792K, reserved 557056K
  class space    used 14732K, committed 15872K, reserved 425984K
}
Event: 18.579 GC heap before
{Heap before GC invocations=36 (full 0):
 garbage-first heap   total 155648K, used 126130K [0x0000000080000000, 0x0000000100000000)
  region size 1024K, 39 young (39936K), 6 survivors (6144K)
 Metaspace       used 111673K, committed 113984K, reserved 557056K
  class space    used 14732K, committed 15872K, reserved 425984K
}
Event: 18.584 GC heap after
{Heap after GC invocations=37 (full 0):
 garbage-first heap   total 155648K, used 94683K [0x0000000080000000, 0x0000000100000000)
  region size 1024K, 4 young (4096K), 4 survivors (4096K)
 Metaspace       used 111673K, committed 113984K, reserved 557056K
  class space    used 14732K, committed 15872K, reserved 425984K
}
Event: 19.096 GC heap before
{Heap before GC invocations=37 (full 0):
 garbage-first heap   total 155648K, used 135643K [0x0000000080000000, 0x0000000100000000)
  region size 1024K, 44 young (45056K), 4 survivors (4096K)
 Metaspace       used 112750K, committed 115072K, reserved 557056K
  class space    used 14828K, committed 15936K, reserved 425984K
}
Event: 19.101 GC heap after
{Heap after GC invocations=38 (full 0):
 garbage-first heap   total 155648K, used 97361K [0x0000000080000000, 0x0000000100000000)
  region size 1024K, 6 young (6144K), 6 survivors (6144K)
 Metaspace       used 112750K, committed 115072K, reserved 557056K
  class space    used 14828K, committed 15936K, reserved 425984K
}
Event: 19.297 GC heap before
{Heap before GC invocations=38 (full 0):
 garbage-first heap   total 155648K, used 131153K [0x0000000080000000, 0x0000000100000000)
  region size 1024K, 40 young (40960K), 6 survivors (6144K)
 Metaspace       used 112832K, committed 115136K, reserved 557056K
  class space    used 14828K, committed 15936K, reserved 425984K
}
Event: 19.302 GC heap after
{Heap after GC invocations=39 (full 0):
 garbage-first heap   total 155648K, used 101669K [0x0000000080000000, 0x0000000100000000)
  region size 1024K, 4 young (4096K), 4 survivors (4096K)
 Metaspace       used 112832K, committed 115136K, reserved 557056K
  class space    used 14828K, committed 15936K, reserved 425984K
}
Event: 19.484 GC heap before
{Heap before GC invocations=40 (full 0):
 garbage-first heap   total 173056K, used 140581K [0x0000000080000000, 0x0000000100000000)
  region size 1024K, 41 young (41984K), 4 survivors (4096K)
 Metaspace       used 112970K, committed 115264K, reserved 557056K
  class space    used 14829K, committed 15936K, reserved 425984K
}
Event: 19.488 GC heap after
{Heap after GC invocations=41 (full 0):
 garbage-first heap   total 173056K, used 105087K [0x0000000080000000, 0x0000000100000000)
  region size 1024K, 4 young (4096K), 4 survivors (4096K)
 Metaspace       used 112970K, committed 115264K, reserved 557056K
  class space    used 14829K, committed 15936K, reserved 425984K
}
Event: 20.255 GC heap before
{Heap before GC invocations=41 (full 0):
 garbage-first heap   total 173056K, used 154239K [0x0000000080000000, 0x0000000100000000)
  region size 1024K, 51 young (52224K), 4 survivors (4096K)
 Metaspace       used 113526K, committed 115776K, reserved 557056K
  class space    used 14834K, committed 15936K, reserved 425984K
}
Event: 20.262 GC heap after
{Heap after GC invocations=42 (full 0):
 garbage-first heap   total 173056K, used 105528K [0x0000000080000000, 0x0000000100000000)
  region size 1024K, 7 young (7168K), 7 survivors (7168K)
 Metaspace       used 113526K, committed 115776K, reserved 557056K
  class space    used 14834K, committed 15936K, reserved 425984K
}
Event: 20.475 GC heap before
{Heap before GC invocations=42 (full 0):
 garbage-first heap   total 173056K, used 153656K [0x0000000080000000, 0x0000000100000000)
  region size 1024K, 54 young (55296K), 7 survivors (7168K)
 Metaspace       used 113764K, committed 116032K, reserved 557056K
  class space    used 14834K, committed 15936K, reserved 425984K
}
Event: 20.480 GC heap after
{Heap after GC invocations=43 (full 0):
 garbage-first heap   total 173056K, used 111018K [0x0000000080000000, 0x0000000100000000)
  region size 1024K, 5 young (5120K), 5 survivors (5120K)
 Metaspace       used 113764K, committed 116032K, reserved 557056K
  class space    used 14834K, committed 15936K, reserved 425984K
}

